Analysis & Synthesis report for practica5
Thu Oct  5 23:45:09 2023
Quartus Prime Version 22.1std.1 Build 917 02/14/2023 SC Lite Edition


---------------------
; Table of Contents ;
---------------------
  1. Legal Notice
  2. Analysis & Synthesis Summary
  3. Analysis & Synthesis Settings
  4. Parallel Compilation
  5. Analysis & Synthesis Source Files Read
  6. Analysis & Synthesis Resource Usage Summary
  7. Analysis & Synthesis Resource Utilization by Entity
  8. User-Specified and Inferred Latches
  9. General Register Statistics
 10. Multiplexer Restructuring Statistics (Restructuring Performed)
 11. Post-Synthesis Netlist Statistics for Top Partition
 12. Elapsed Time Per Partition
 13. Analysis & Synthesis Messages



----------------
; Legal Notice ;
----------------
Copyright (C) 2023  Intel Corporation. All rights reserved.
Your use of Intel Corporation's design tools, logic functions 
and other software and tools, and any partner logic 
functions, and any output files from any of the foregoing 
(including device programming or simulation files), and any 
associated documentation or information are expressly subject 
to the terms and conditions of the Intel Program License 
Subscription Agreement, the Intel Quartus Prime License Agreement,
the Intel FPGA IP License Agreement, or other applicable license
agreement, including, without limitation, that your use is for
the sole purpose of programming logic devices manufactured by
Intel and sold by Intel or its authorized distributors.  Please
refer to the applicable agreement for further details, at
https://fpgasoftware.intel.com/eula.



+-------------------------------------------------------------------------------------+
; Analysis & Synthesis Summary                                                        ;
+------------------------------------+------------------------------------------------+
; Analysis & Synthesis Status        ; Successful - Thu Oct  5 23:45:09 2023          ;
; Quartus Prime Version              ; 22.1std.1 Build 917 02/14/2023 SC Lite Edition ;
; Revision Name                      ; practica5                                      ;
; Top-level Entity Name              ; practica5                                      ;
; Family                             ; MAX 10                                         ;
; Total logic elements               ; 62                                             ;
;     Total combinational functions  ; 62                                             ;
;     Dedicated logic registers      ; 31                                             ;
; Total registers                    ; 31                                             ;
; Total pins                         ; 13                                             ;
; Total virtual pins                 ; 0                                              ;
; Total memory bits                  ; 0                                              ;
; Embedded Multiplier 9-bit elements ; 0                                              ;
; Total PLLs                         ; 0                                              ;
; UFM blocks                         ; 0                                              ;
; ADC blocks                         ; 0                                              ;
+------------------------------------+------------------------------------------------+


+------------------------------------------------------------------------------------------------------------+
; Analysis & Synthesis Settings                                                                              ;
+------------------------------------------------------------------+--------------------+--------------------+
; Option                                                           ; Setting            ; Default Value      ;
+------------------------------------------------------------------+--------------------+--------------------+
; Device                                                           ; 10M50DAF484C7G     ;                    ;
; Top-level entity name                                            ; practica5          ; practica5          ;
; Family name                                                      ; MAX 10             ; Cyclone V          ;
; Use smart compilation                                            ; Off                ; Off                ;
; Enable parallel Assembler and Timing Analyzer during compilation ; On                 ; On                 ;
; Enable compact report table                                      ; Off                ; Off                ;
; Restructure Multiplexers                                         ; Auto               ; Auto               ;
; Create Debugging Nodes for IP Cores                              ; Off                ; Off                ;
; Preserve fewer node names                                        ; On                 ; On                 ;
; Intel FPGA IP Evaluation Mode                                    ; Enable             ; Enable             ;
; Verilog Version                                                  ; Verilog_2001       ; Verilog_2001       ;
; VHDL Version                                                     ; VHDL_1993          ; VHDL_1993          ;
; State Machine Processing                                         ; Auto               ; Auto               ;
; Safe State Machine                                               ; Off                ; Off                ;
; Extract Verilog State Machines                                   ; On                 ; On                 ;
; Extract VHDL State Machines                                      ; On                 ; On                 ;
; Ignore Verilog initial constructs                                ; Off                ; Off                ;
; Iteration limit for constant Verilog loops                       ; 5000               ; 5000               ;
; Iteration limit for non-constant Verilog loops                   ; 250                ; 250                ;
; Add Pass-Through Logic to Inferred RAMs                          ; On                 ; On                 ;
; Infer RAMs from Raw Logic                                        ; On                 ; On                 ;
; Parallel Synthesis                                               ; On                 ; On                 ;
; DSP Block Balancing                                              ; Auto               ; Auto               ;
; NOT Gate Push-Back                                               ; On                 ; On                 ;
; Power-Up Don't Care                                              ; On                 ; On                 ;
; Remove Redundant Logic Cells                                     ; Off                ; Off                ;
; Remove Duplicate Registers                                       ; On                 ; On                 ;
; Ignore CARRY Buffers                                             ; Off                ; Off                ;
; Ignore CASCADE Buffers                                           ; Off                ; Off                ;
; Ignore GLOBAL Buffers                                            ; Off                ; Off                ;
; Ignore ROW GLOBAL Buffers                                        ; Off                ; Off                ;
; Ignore LCELL Buffers                                             ; Off                ; Off                ;
; Ignore SOFT Buffers                                              ; On                 ; On                 ;
; Limit AHDL Integers to 32 Bits                                   ; Off                ; Off                ;
; Optimization Technique                                           ; Balanced           ; Balanced           ;
; Carry Chain Length                                               ; 70                 ; 70                 ;
; Auto Carry Chains                                                ; On                 ; On                 ;
; Auto Open-Drain Pins                                             ; On                 ; On                 ;
; Perform WYSIWYG Primitive Resynthesis                            ; Off                ; Off                ;
; Auto ROM Replacement                                             ; On                 ; On                 ;
; Auto RAM Replacement                                             ; On                 ; On                 ;
; Auto DSP Block Replacement                                       ; On                 ; On                 ;
; Auto Shift Register Replacement                                  ; Auto               ; Auto               ;
; Allow Shift Register Merging across Hierarchies                  ; Auto               ; Auto               ;
; Auto Clock Enable Replacement                                    ; On                 ; On                 ;
; Strict RAM Replacement                                           ; Off                ; Off                ;
; Allow Synchronous Control Signals                                ; On                 ; On                 ;
; Force Use of Synchronous Clear Signals                           ; Off                ; Off                ;
; Auto RAM Block Balancing                                         ; On                 ; On                 ;
; Auto RAM to Logic Cell Conversion                                ; Off                ; Off                ;
; Auto Resource Sharing                                            ; Off                ; Off                ;
; Allow Any RAM Size For Recognition                               ; Off                ; Off                ;
; Allow Any ROM Size For Recognition                               ; Off                ; Off                ;
; Allow Any Shift Register Size For Recognition                    ; Off                ; Off                ;
; Use LogicLock Constraints during Resource Balancing              ; On                 ; On                 ;
; Ignore translate_off and synthesis_off directives                ; Off                ; Off                ;
; Timing-Driven Synthesis                                          ; On                 ; On                 ;
; Report Parameter Settings                                        ; On                 ; On                 ;
; Report Source Assignments                                        ; On                 ; On                 ;
; Report Connectivity Checks                                       ; On                 ; On                 ;
; Ignore Maximum Fan-Out Assignments                               ; Off                ; Off                ;
; Synchronization Register Chain Length                            ; 2                  ; 2                  ;
; Power Optimization During Synthesis                              ; Normal compilation ; Normal compilation ;
; HDL message level                                                ; Level2             ; Level2             ;
; Suppress Register Optimization Related Messages                  ; Off                ; Off                ;
; Number of Removed Registers Reported in Synthesis Report         ; 5000               ; 5000               ;
; Number of Swept Nodes Reported in Synthesis Report               ; 5000               ; 5000               ;
; Number of Inverted Registers Reported in Synthesis Report        ; 100                ; 100                ;
; Clock MUX Protection                                             ; On                 ; On                 ;
; Auto Gated Clock Conversion                                      ; Off                ; Off                ;
; Block Design Naming                                              ; Auto               ; Auto               ;
; SDC constraint protection                                        ; Off                ; Off                ;
; Synthesis Effort                                                 ; Auto               ; Auto               ;
; Shift Register Replacement - Allow Asynchronous Clear Signal     ; On                 ; On                 ;
; Pre-Mapping Resynthesis Optimization                             ; Off                ; Off                ;
; Analysis & Synthesis Message Level                               ; Medium             ; Medium             ;
; Disable Register Merging Across Hierarchies                      ; Auto               ; Auto               ;
; Resource Aware Inference For Block RAM                           ; On                 ; On                 ;
+------------------------------------------------------------------+--------------------+--------------------+


+------------------------------------------+
; Parallel Compilation                     ;
+----------------------------+-------------+
; Processors                 ; Number      ;
+----------------------------+-------------+
; Number detected on machine ; 4           ;
; Maximum allowed            ; 2           ;
;                            ;             ;
; Average used               ; 1.00        ;
; Maximum used               ; 2           ;
;                            ;             ;
; Usage by Processor         ; % Time Used ;
;     Processor 1            ; 100.0%      ;
;     Processor 2            ;   0.0%      ;
+----------------------------+-------------+


+----------------------------------------------------------------------------------------------------------------------------------------------------------------------------------------------------------------------------------------------------+
; Analysis & Synthesis Source Files Read                                                                                                                                                                                                             ;
+----------------------------------+-----------------+------------------------------------+------------------------------------------------------------------------------------------------------------------------------------------------+---------+
; File Name with User-Entered Path ; Used in Netlist ; File Type                          ; File Name with Absolute Path                                                                                                                   ; Library ;
+----------------------------------+-----------------+------------------------------------+------------------------------------------------------------------------------------------------------------------------------------------------+---------+
; div_frec.vhd                     ; yes             ; User VHDL File                     ; C:/Users/migue/Desktop/FI-UNAM/Semestre_9.2024-1/Organizacion y Arquitectura de Computadoras/Laboratorio/Practica5/Practica5/div_frec.vhd      ;         ;
; incrementador.vhd                ; yes             ; User VHDL File                     ; C:/Users/migue/Desktop/FI-UNAM/Semestre_9.2024-1/Organizacion y Arquitectura de Computadoras/Laboratorio/Practica5/Practica5/incrementador.vhd ;         ;
; mux1X2X1_3.vhd                   ; yes             ; User VHDL File                     ; C:/Users/migue/Desktop/FI-UNAM/Semestre_9.2024-1/Organizacion y Arquitectura de Computadoras/Laboratorio/Practica5/Practica5/mux1X2X1_3.vhd    ;         ;
; registro3x3.vhd                  ; yes             ; User VHDL File                     ; C:/Users/migue/Desktop/FI-UNAM/Semestre_9.2024-1/Organizacion y Arquitectura de Computadoras/Laboratorio/Practica5/Practica5/registro3x3.vhd   ;         ;
; practica5.bdf                    ; yes             ; User Block Diagram/Schematic File  ; C:/Users/migue/Desktop/FI-UNAM/Semestre_9.2024-1/Organizacion y Arquitectura de Computadoras/Laboratorio/Practica5/Practica5/practica5.bdf     ;         ;
; contador.bdf                     ; yes             ; User Block Diagram/Schematic File  ; C:/Users/migue/Desktop/FI-UNAM/Semestre_9.2024-1/Organizacion y Arquitectura de Computadoras/Laboratorio/Practica5/Practica5/contador.bdf      ;         ;
; memoria.vhd                      ; yes             ; User VHDL File                     ; C:/Users/migue/Desktop/FI-UNAM/Semestre_9.2024-1/Organizacion y Arquitectura de Computadoras/Laboratorio/Practica5/Practica5/memoria.vhd       ;         ;
; divisor_datos.vhd                ; yes             ; User VHDL File                     ; C:/Users/migue/Desktop/FI-UNAM/Semestre_9.2024-1/Organizacion y Arquitectura de Computadoras/Laboratorio/Practica5/Practica5/divisor_datos.vhd ;         ;
; mux2X4X1.vhd                     ; yes             ; User VHDL File                     ; C:/Users/migue/Desktop/FI-UNAM/Semestre_9.2024-1/Organizacion y Arquitectura de Computadoras/Laboratorio/Practica5/Practica5/mux2X4X1.vhd      ;         ;
; mux1X2X1.vhd                     ; yes             ; User VHDL File                     ; C:/Users/migue/Desktop/FI-UNAM/Semestre_9.2024-1/Organizacion y Arquitectura de Computadoras/Laboratorio/Practica5/Practica5/mux1X2X1.vhd      ;         ;
+----------------------------------+-----------------+------------------------------------+------------------------------------------------------------------------------------------------------------------------------------------------+---------+


+---------------------------------------------------------+
; Analysis & Synthesis Resource Usage Summary             ;
+---------------------------------------------+-----------+
; Resource                                    ; Usage     ;
+---------------------------------------------+-----------+
; Estimated Total logic elements              ; 62        ;
;                                             ;           ;
; Total combinational functions               ; 62        ;
; Logic element usage by number of LUT inputs ;           ;
;     -- 4 input functions                    ; 24        ;
;     -- 3 input functions                    ; 3         ;
;     -- <=2 input functions                  ; 35        ;
;                                             ;           ;
; Logic elements by mode                      ;           ;
;     -- normal mode                          ; 35        ;
;     -- arithmetic mode                      ; 27        ;
;                                             ;           ;
; Total registers                             ; 31        ;
;     -- Dedicated logic registers            ; 31        ;
;     -- I/O registers                        ; 0         ;
;                                             ;           ;
; I/O pins                                    ; 13        ;
;                                             ;           ;
; Embedded Multiplier 9-bit elements          ; 0         ;
;                                             ;           ;
; Maximum fan-out node                        ; clk~input ;
; Maximum fan-out                             ; 28        ;
; Total fan-out                               ; 259       ;
; Average fan-out                             ; 2.18      ;
+---------------------------------------------+-----------+


+------------------------------------------------------------------------------------------------------------------------------------------------------------------------------------------------------------------------------------------------------------+
; Analysis & Synthesis Resource Utilization by Entity                                                                                                                                                                                                        ;
+----------------------------+---------------------+---------------------------+-------------+------------+--------------+---------+-----------+------+--------------+------------+---------------------------------------------+-------------+--------------+
; Compilation Hierarchy Node ; Combinational ALUTs ; Dedicated Logic Registers ; Memory Bits ; UFM Blocks ; DSP Elements ; DSP 9x9 ; DSP 18x18 ; Pins ; Virtual Pins ; ADC blocks ; Full Hierarchy Name                         ; Entity Name ; Library Name ;
+----------------------------+---------------------+---------------------------+-------------+------------+--------------+---------+-----------+------+--------------+------------+---------------------------------------------+-------------+--------------+
; |practica5                 ; 62 (0)              ; 31 (0)                    ; 0           ; 0          ; 0            ; 0       ; 0         ; 13   ; 0            ; 0          ; |practica5                                  ; practica5   ; work         ;
;    |contador:inst6|        ; 3 (0)               ; 3 (0)                     ; 0           ; 0          ; 0            ; 0       ; 0         ; 0    ; 0            ; 0          ; |practica5|contador:inst6                   ; contador    ; work         ;
;       |mux1X2X1_3:inst2|   ; 3 (3)               ; 0 (0)                     ; 0           ; 0          ; 0            ; 0       ; 0         ; 0    ; 0            ; 0          ; |practica5|contador:inst6|mux1X2X1_3:inst2  ; mux1X2X1_3  ; work         ;
;       |registro3x3:inst3|  ; 0 (0)               ; 3 (3)                     ; 0           ; 0          ; 0            ; 0       ; 0         ; 0    ; 0            ; 0          ; |practica5|contador:inst6|registro3x3:inst3 ; registro3x3 ; work         ;
;    |div_frec:inst7|        ; 51 (51)             ; 28 (28)                   ; 0           ; 0          ; 0            ; 0       ; 0         ; 0    ; 0            ; 0          ; |practica5|div_frec:inst7                   ; div_frec    ; work         ;
;    |memoria:inst8|         ; 3 (3)               ; 0 (0)                     ; 0           ; 0          ; 0            ; 0       ; 0         ; 0    ; 0            ; 0          ; |practica5|memoria:inst8                    ; memoria     ; work         ;
;    |mux1X2X1:inst13|       ; 2 (2)               ; 0 (0)                     ; 0           ; 0          ; 0            ; 0       ; 0         ; 0    ; 0            ; 0          ; |practica5|mux1X2X1:inst13                  ; mux1X2X1    ; work         ;
;    |mux2X4X1:inst10|       ; 3 (3)               ; 0 (0)                     ; 0           ; 0          ; 0            ; 0       ; 0         ; 0    ; 0            ; 0          ; |practica5|mux2X4X1:inst10                  ; mux2X4X1    ; work         ;
+----------------------------+---------------------+---------------------------+-------------+------------+--------------+---------+-----------+------+--------------+------------+---------------------------------------------+-------------+--------------+
Note: For table entries with two numbers listed, the numbers in parentheses indicate the number of resources of the given type used by the specific entity alone. The numbers listed outside of parentheses indicate the total resources of the given type used by the specific entity and all of its sub-entities in the hierarchy.


+---------------------------------------------------------------------------------------------------+
; User-Specified and Inferred Latches                                                               ;
+----------------------------------------------------+---------------------+------------------------+
; Latch Name                                         ; Latch Enable Signal ; Free of Timing Hazards ;
+----------------------------------------------------+---------------------+------------------------+
; mux2X4X1:inst10|O                                  ; mux2X4X1:inst10|O   ; yes                    ;
; Number of user-specified and inferred latches = 1  ;                     ;                        ;
+----------------------------------------------------+---------------------+------------------------+
Note: All latches listed above may not be present at the end of synthesis due to various synthesis optimizations.


+------------------------------------------------------+
; General Register Statistics                          ;
+----------------------------------------------+-------+
; Statistic                                    ; Value ;
+----------------------------------------------+-------+
; Total registers                              ; 31    ;
; Number of registers using Synchronous Clear  ; 0     ;
; Number of registers using Synchronous Load   ; 0     ;
; Number of registers using Asynchronous Clear ; 3     ;
; Number of registers using Asynchronous Load  ; 0     ;
; Number of registers using Clock Enable       ; 0     ;
; Number of registers using Preset             ; 0     ;
+----------------------------------------------+-------+


+----------------------------------------------------------------------------------------------------------------------------------------------------------------------------+
; Multiplexer Restructuring Statistics (Restructuring Performed)                                                                                                             ;
+--------------------+-----------+---------------+----------------------+------------------------+------------+--------------------------------------------------------------+
; Multiplexer Inputs ; Bus Width ; Baseline Area ; Area if Restructured ; Saving if Restructured ; Registered ; Example Multiplexer Output                                   ;
+--------------------+-----------+---------------+----------------------+------------------------+------------+--------------------------------------------------------------+
; 8:1                ; 3 bits    ; 15 LEs        ; 12 LEs               ; 3 LEs                  ; Yes        ; |practica5|contador:inst6|registro3x3:inst3|valor_interno[2] ;
+--------------------+-----------+---------------+----------------------+------------------------+------------+--------------------------------------------------------------+


+-----------------------------------------------------+
; Post-Synthesis Netlist Statistics for Top Partition ;
+-----------------------+-----------------------------+
; Type                  ; Count                       ;
+-----------------------+-----------------------------+
; boundary_port         ; 13                          ;
; cycloneiii_ff         ; 31                          ;
;     CLR               ; 3                           ;
;     plain             ; 28                          ;
; cycloneiii_lcell_comb ; 62                          ;
;     arith             ; 27                          ;
;         2 data inputs ; 27                          ;
;     normal            ; 35                          ;
;         1 data inputs ; 1                           ;
;         2 data inputs ; 7                           ;
;         3 data inputs ; 3                           ;
;         4 data inputs ; 24                          ;
;                       ;                             ;
; Max LUT depth         ; 4.50                        ;
; Average LUT depth     ; 3.52                        ;
+-----------------------+-----------------------------+


+-------------------------------+
; Elapsed Time Per Partition    ;
+----------------+--------------+
; Partition Name ; Elapsed Time ;
+----------------+--------------+
; Top            ; 00:00:00     ;
+----------------+--------------+


+-------------------------------+
; Analysis & Synthesis Messages ;
+-------------------------------+
Info: *******************************************************************
Info: Running Quartus Prime Analysis & Synthesis
    Info: Version 22.1std.1 Build 917 02/14/2023 SC Lite Edition
    Info: Processing started: Thu Oct  5 23:44:50 2023
Info: Command: quartus_map --read_settings_files=on --write_settings_files=off practica5 -c practica5
Warning (18236): Number of processors has not been specified which may cause overloading on shared machines.  Set the global assignment NUM_PARALLEL_PROCESSORS in your QSF to an appropriate value for best performance.
Info (20030): Parallel compilation is enabled and will use 2 of the 2 processors detected
Info (12021): Found 2 design units, including 1 entities, in source file div_frec.vhd
    Info (12022): Found design unit 1: div_frec-Behavioral File: C:/Users/migue/Desktop/FI-UNAM/Semestre_9.2024-1/Organizacion y Arquitectura de Computadoras/Laboratorio/Practica5/Practica5/div_frec.vhd Line: 13
    Info (12023): Found entity 1: div_frec File: C:/Users/migue/Desktop/FI-UNAM/Semestre_9.2024-1/Organizacion y Arquitectura de Computadoras/Laboratorio/Practica5/Practica5/div_frec.vhd Line: 6
Info (12021): Found 2 design units, including 1 entities, in source file incrementador.vhd
    Info (12022): Found design unit 1: incrementador-Behavioral File: C:/Users/migue/Desktop/FI-UNAM/Semestre_9.2024-1/Organizacion y Arquitectura de Computadoras/Laboratorio/Practica5/Practica5/incrementador.vhd Line: 13
    Info (12023): Found entity 1: incrementador File: C:/Users/migue/Desktop/FI-UNAM/Semestre_9.2024-1/Organizacion y Arquitectura de Computadoras/Laboratorio/Practica5/Practica5/incrementador.vhd Line: 6
Info (12021): Found 2 design units, including 1 entities, in source file mux1x2x1_3.vhd
    Info (12022): Found design unit 1: mux1X2X1_3-Behavioral File: C:/Users/migue/Desktop/FI-UNAM/Semestre_9.2024-1/Organizacion y Arquitectura de Computadoras/Laboratorio/Practica5/Practica5/mux1X2X1_3.vhd Line: 13
    Info (12023): Found entity 1: mux1X2X1_3 File: C:/Users/migue/Desktop/FI-UNAM/Semestre_9.2024-1/Organizacion y Arquitectura de Computadoras/Laboratorio/Practica5/Practica5/mux1X2X1_3.vhd Line: 4
Info (12021): Found 2 design units, including 1 entities, in source file registro3x3.vhd
    Info (12022): Found design unit 1: registro3x3-Behavioral File: C:/Users/migue/Desktop/FI-UNAM/Semestre_9.2024-1/Organizacion y Arquitectura de Computadoras/Laboratorio/Practica5/Practica5/registro3x3.vhd Line: 13
    Info (12023): Found entity 1: registro3x3 File: C:/Users/migue/Desktop/FI-UNAM/Semestre_9.2024-1/Organizacion y Arquitectura de Computadoras/Laboratorio/Practica5/Practica5/registro3x3.vhd Line: 4
Info (12021): Found 1 design units, including 1 entities, in source file practica5.bdf
    Info (12023): Found entity 1: practica5
Info (12021): Found 1 design units, including 1 entities, in source file contador.bdf
    Info (12023): Found entity 1: contador
Info (12021): Found 2 design units, including 1 entities, in source file memoria.vhd
    Info (12022): Found design unit 1: memoria-Behavioral File: C:/Users/migue/Desktop/FI-UNAM/Semestre_9.2024-1/Organizacion y Arquitectura de Computadoras/Laboratorio/Practica5/Practica5/memoria.vhd Line: 14
    Info (12023): Found entity 1: memoria File: C:/Users/migue/Desktop/FI-UNAM/Semestre_9.2024-1/Organizacion y Arquitectura de Computadoras/Laboratorio/Practica5/Practica5/memoria.vhd Line: 7
Info (12021): Found 2 design units, including 1 entities, in source file divisor_datos.vhd
    Info (12022): Found design unit 1: divisor_datos-Behavioral File: C:/Users/migue/Desktop/FI-UNAM/Semestre_9.2024-1/Organizacion y Arquitectura de Computadoras/Laboratorio/Practica5/Practica5/divisor_datos.vhd Line: 18
    Info (12023): Found entity 1: divisor_datos File: C:/Users/migue/Desktop/FI-UNAM/Semestre_9.2024-1/Organizacion y Arquitectura de Computadoras/Laboratorio/Practica5/Practica5/divisor_datos.vhd Line: 7
Info (12021): Found 2 design units, including 1 entities, in source file mux2x4x1.vhd
    Info (12022): Found design unit 1: mux2X4X1-Behavioral File: C:/Users/migue/Desktop/FI-UNAM/Semestre_9.2024-1/Organizacion y Arquitectura de Computadoras/Laboratorio/Practica5/Practica5/mux2X4X1.vhd Line: 18
    Info (12023): Found entity 1: mux2X4X1 File: C:/Users/migue/Desktop/FI-UNAM/Semestre_9.2024-1/Organizacion y Arquitectura de Computadoras/Laboratorio/Practica5/Practica5/mux2X4X1.vhd Line: 6
Info (12021): Found 2 design units, including 1 entities, in source file mux1x2x1.vhd
    Info (12022): Found design unit 1: mux1X2X1-Behavioral File: C:/Users/migue/Desktop/FI-UNAM/Semestre_9.2024-1/Organizacion y Arquitectura de Computadoras/Laboratorio/Practica5/Practica5/mux1X2X1.vhd Line: 16
    Info (12023): Found entity 1: mux1X2X1 File: C:/Users/migue/Desktop/FI-UNAM/Semestre_9.2024-1/Organizacion y Arquitectura de Computadoras/Laboratorio/Practica5/Practica5/mux1X2X1.vhd Line: 7
Info (12127): Elaborating entity "practica5" for the top level hierarchy
Info (12128): Elaborating entity "contador" for hierarchy "contador:inst6"
Info (12128): Elaborating entity "registro3x3" for hierarchy "contador:inst6|registro3x3:inst3"
Info (12128): Elaborating entity "mux1X2X1_3" for hierarchy "contador:inst6|mux1X2X1_3:inst2"
Warning (10631): VHDL Process Statement warning at mux1X2X1_3.vhd(15): inferring latch(es) for signal or variable "salida", which holds its previous value in one or more paths through the process File: C:/Users/migue/Desktop/FI-UNAM/Semestre_9.2024-1/Organizacion y Arquitectura de Computadoras/Laboratorio/Practica5/Practica5/mux1X2X1_3.vhd Line: 15
Info (10041): Inferred latch for "salida[0]" at mux1X2X1_3.vhd(15) File: C:/Users/migue/Desktop/FI-UNAM/Semestre_9.2024-1/Organizacion y Arquitectura de Computadoras/Laboratorio/Practica5/Practica5/mux1X2X1_3.vhd Line: 15
Info (10041): Inferred latch for "salida[1]" at mux1X2X1_3.vhd(15) File: C:/Users/migue/Desktop/FI-UNAM/Semestre_9.2024-1/Organizacion y Arquitectura de Computadoras/Laboratorio/Practica5/Practica5/mux1X2X1_3.vhd Line: 15
Info (10041): Inferred latch for "salida[2]" at mux1X2X1_3.vhd(15) File: C:/Users/migue/Desktop/FI-UNAM/Semestre_9.2024-1/Organizacion y Arquitectura de Computadoras/Laboratorio/Practica5/Practica5/mux1X2X1_3.vhd Line: 15
Info (12128): Elaborating entity "incrementador" for hierarchy "contador:inst6|incrementador:inst"
Info (12128): Elaborating entity "div_frec" for hierarchy "div_frec:inst7"
Info (12128): Elaborating entity "mux2X4X1" for hierarchy "mux2X4X1:inst10"
Warning (10631): VHDL Process Statement warning at mux2X4X1.vhd(21): inferring latch(es) for signal or variable "O", which holds its previous value in one or more paths through the process File: C:/Users/migue/Desktop/FI-UNAM/Semestre_9.2024-1/Organizacion y Arquitectura de Computadoras/Laboratorio/Practica5/Practica5/mux2X4X1.vhd Line: 21
Info (10041): Inferred latch for "O" at mux2X4X1.vhd(21) File: C:/Users/migue/Desktop/FI-UNAM/Semestre_9.2024-1/Organizacion y Arquitectura de Computadoras/Laboratorio/Practica5/Practica5/mux2X4X1.vhd Line: 21
Info (12128): Elaborating entity "divisor_datos" for hierarchy "divisor_datos:inst"
Info (12128): Elaborating entity "memoria" for hierarchy "memoria:inst8"
Warning (10492): VHDL Process Statement warning at memoria.vhd(28): signal "internal_mem" is read inside the Process Statement but isn't in the Process Statement's sensitivity list File: C:/Users/migue/Desktop/FI-UNAM/Semestre_9.2024-1/Organizacion y Arquitectura de Computadoras/Laboratorio/Practica5/Practica5/memoria.vhd Line: 28
Info (12128): Elaborating entity "mux1X2X1" for hierarchy "mux1X2X1:inst13"
Warning (10631): VHDL Process Statement warning at mux1X2X1.vhd(19): inferring latch(es) for signal or variable "O", which holds its previous value in one or more paths through the process File: C:/Users/migue/Desktop/FI-UNAM/Semestre_9.2024-1/Organizacion y Arquitectura de Computadoras/Laboratorio/Practica5/Practica5/mux1X2X1.vhd Line: 19
Info (10041): Inferred latch for "O[0]" at mux1X2X1.vhd(19) File: C:/Users/migue/Desktop/FI-UNAM/Semestre_9.2024-1/Organizacion y Arquitectura de Computadoras/Laboratorio/Practica5/Practica5/mux1X2X1.vhd Line: 19
Info (10041): Inferred latch for "O[1]" at mux1X2X1.vhd(19) File: C:/Users/migue/Desktop/FI-UNAM/Semestre_9.2024-1/Organizacion y Arquitectura de Computadoras/Laboratorio/Practica5/Practica5/mux1X2X1.vhd Line: 19
Info (10041): Inferred latch for "O[2]" at mux1X2X1.vhd(19) File: C:/Users/migue/Desktop/FI-UNAM/Semestre_9.2024-1/Organizacion y Arquitectura de Computadoras/Laboratorio/Practica5/Practica5/mux1X2X1.vhd Line: 19
Info (10041): Inferred latch for "O[3]" at mux1X2X1.vhd(19) File: C:/Users/migue/Desktop/FI-UNAM/Semestre_9.2024-1/Organizacion y Arquitectura de Computadoras/Laboratorio/Practica5/Practica5/mux1X2X1.vhd Line: 19
Warning (13012): Latch mux2X4X1:inst10|O has unsafe behavior File: C:/Users/migue/Desktop/FI-UNAM/Semestre_9.2024-1/Organizacion y Arquitectura de Computadoras/Laboratorio/Practica5/Practica5/mux2X4X1.vhd Line: 14
    Warning (13013): Ports D and ENA on the latch are fed by the same signal contador:inst6|registro3x3:inst3|valor_interno[1] File: C:/Users/migue/Desktop/FI-UNAM/Semestre_9.2024-1/Organizacion y Arquitectura de Computadoras/Laboratorio/Practica5/Practica5/registro3x3.vhd Line: 18
Warning (14026): LATCH primitive "mux2X4X1:inst10|O" is permanently enabled File: C:/Users/migue/Desktop/FI-UNAM/Semestre_9.2024-1/Organizacion y Arquitectura de Computadoras/Laboratorio/Practica5/Practica5/mux2X4X1.vhd Line: 14
Info (286030): Timing-Driven Synthesis is running
Info (16010): Generating hard_block partition "hard_block:auto_generated_inst"
    Info (16011): Adding 0 node(s), including 0 DDIO, 0 PLL, 0 transceiver and 0 LCELL
Info (21057): Implemented 75 device resources after synthesis - the final resource count might be different
    Info (21058): Implemented 6 input pins
    Info (21059): Implemented 7 output pins
    Info (21061): Implemented 62 logic cells
Info: Quartus Prime Analysis & Synthesis was successful. 0 errors, 8 warnings
    Info: Peak virtual memory: 4796 megabytes
    Info: Processing ended: Thu Oct  5 23:45:09 2023
    Info: Elapsed time: 00:00:19
    Info: Total CPU time (on all processors): 00:00:38


